2022-03-06 11:43:24,444 [BombeRLeWorld] INFO: Initializing game world
2022-03-06 11:43:24,602 [BombeRLeWorld] INFO: STARTING ROUND #1
2022-03-06 11:43:24,609 [BombeRLeWorld] INFO: STARTING STEP 1
2022-03-06 11:43:24,612 [BombeRLeWorld] INFO: Agent <rule_based_agent_1> chose action RIGHT in 0.00s.
2022-03-06 11:43:24,612 [BombeRLeWorld] INFO: Agent <rule_based_agent_1> stayed within acceptable think time.
2022-03-06 11:43:24,612 [BombeRLeWorld] INFO: Agent <rule_based_agent_0> chose action RIGHT in 0.00s.
2022-03-06 11:43:24,612 [BombeRLeWorld] INFO: Agent <rule_based_agent_0> stayed within acceptable think time.
2022-03-06 11:43:24,612 [BombeRLeWorld] INFO: Agent <my_agent> chose action LEFT in 0.00s.
2022-03-06 11:43:24,612 [BombeRLeWorld] INFO: Agent <my_agent> stayed within acceptable think time.
2022-03-06 11:43:24,612 [BombeRLeWorld] INFO: Agent <rule_based_agent_2> chose action DOWN in 0.00s.
2022-03-06 11:43:24,612 [BombeRLeWorld] INFO: Agent <rule_based_agent_2> stayed within acceptable think time.
2022-03-06 11:43:24,712 [BombeRLeWorld] INFO: STARTING STEP 2
2022-03-06 11:43:24,715 [BombeRLeWorld] INFO: Agent <my_agent> chose action LEFT in 0.00s.
2022-03-06 11:43:24,715 [BombeRLeWorld] INFO: Agent <my_agent> stayed within acceptable think time.
2022-03-06 11:43:24,715 [BombeRLeWorld] INFO: Agent <rule_based_agent_0> chose action BOMB in 0.00s.
2022-03-06 11:43:24,715 [BombeRLeWorld] INFO: Agent <rule_based_agent_0> stayed within acceptable think time.
2022-03-06 11:43:24,715 [BombeRLeWorld] INFO: Agent <rule_based_agent_0> drops bomb at (2, 1)
2022-03-06 11:43:24,715 [BombeRLeWorld] INFO: Agent <rule_based_agent_1> chose action BOMB in 0.00s.
2022-03-06 11:43:24,716 [BombeRLeWorld] INFO: Agent <rule_based_agent_1> stayed within acceptable think time.
2022-03-06 11:43:24,716 [BombeRLeWorld] INFO: Agent <rule_based_agent_1> drops bomb at (2, 15)
2022-03-06 11:43:24,716 [BombeRLeWorld] INFO: Agent <rule_based_agent_2> chose action BOMB in 0.00s.
2022-03-06 11:43:24,716 [BombeRLeWorld] INFO: Agent <rule_based_agent_2> stayed within acceptable think time.
2022-03-06 11:43:24,716 [BombeRLeWorld] INFO: Agent <rule_based_agent_2> drops bomb at (15, 2)
2022-03-06 11:43:24,829 [BombeRLeWorld] INFO: STARTING STEP 3
2022-03-06 11:43:24,835 [BombeRLeWorld] INFO: Agent <my_agent> chose action WAIT in 0.00s.
2022-03-06 11:43:24,835 [BombeRLeWorld] INFO: Agent <my_agent> stayed within acceptable think time.
2022-03-06 11:43:24,835 [BombeRLeWorld] INFO: Agent <rule_based_agent_2> chose action UP in 0.00s.
2022-03-06 11:43:24,835 [BombeRLeWorld] INFO: Agent <rule_based_agent_2> stayed within acceptable think time.
2022-03-06 11:43:24,835 [BombeRLeWorld] INFO: Agent <rule_based_agent_0> chose action LEFT in 0.00s.
2022-03-06 11:43:24,835 [BombeRLeWorld] INFO: Agent <rule_based_agent_0> stayed within acceptable think time.
2022-03-06 11:43:24,835 [BombeRLeWorld] INFO: Agent <rule_based_agent_1> chose action LEFT in 0.00s.
2022-03-06 11:43:24,835 [BombeRLeWorld] INFO: Agent <rule_based_agent_1> stayed within acceptable think time.
2022-03-06 11:43:24,926 [BombeRLeWorld] INFO: STARTING STEP 4
2022-03-06 11:43:24,937 [BombeRLeWorld] INFO: Agent <my_agent> chose action BOMB in 0.00s.
2022-03-06 11:43:24,937 [BombeRLeWorld] INFO: Agent <my_agent> stayed within acceptable think time.
2022-03-06 11:43:24,937 [BombeRLeWorld] INFO: Agent <my_agent> drops bomb at (14, 15)
2022-03-06 11:43:24,937 [BombeRLeWorld] INFO: Agent <rule_based_agent_1> chose action UP in 0.00s.
2022-03-06 11:43:24,937 [BombeRLeWorld] INFO: Agent <rule_based_agent_1> stayed within acceptable think time.
2022-03-06 11:43:24,937 [BombeRLeWorld] INFO: Agent <rule_based_agent_2> chose action LEFT in 0.00s.
2022-03-06 11:43:24,938 [BombeRLeWorld] INFO: Agent <rule_based_agent_2> stayed within acceptable think time.
2022-03-06 11:43:24,938 [BombeRLeWorld] INFO: Agent <rule_based_agent_0> chose action DOWN in 0.00s.
2022-03-06 11:43:24,938 [BombeRLeWorld] INFO: Agent <rule_based_agent_0> stayed within acceptable think time.
2022-03-06 11:43:25,026 [BombeRLeWorld] INFO: STARTING STEP 5
2022-03-06 11:43:25,037 [BombeRLeWorld] INFO: Agent <rule_based_agent_0> chose action UP in 0.00s.
2022-03-06 11:43:25,037 [BombeRLeWorld] INFO: Agent <rule_based_agent_0> stayed within acceptable think time.
2022-03-06 11:43:25,038 [BombeRLeWorld] INFO: Agent <rule_based_agent_1> chose action DOWN in 0.00s.
2022-03-06 11:43:25,038 [BombeRLeWorld] INFO: Agent <rule_based_agent_1> stayed within acceptable think time.
2022-03-06 11:43:25,038 [BombeRLeWorld] INFO: Agent <my_agent> chose action RIGHT in 0.00s.
2022-03-06 11:43:25,038 [BombeRLeWorld] INFO: Agent <my_agent> stayed within acceptable think time.
2022-03-06 11:43:25,038 [BombeRLeWorld] INFO: Agent <rule_based_agent_2> chose action RIGHT in 0.00s.
2022-03-06 11:43:25,038 [BombeRLeWorld] INFO: Agent <rule_based_agent_2> stayed within acceptable think time.
2022-03-06 11:43:25,130 [BombeRLeWorld] INFO: STARTING STEP 6
2022-03-06 11:43:25,143 [BombeRLeWorld] INFO: Agent <my_agent> chose action UP in 0.00s.
2022-03-06 11:43:25,143 [BombeRLeWorld] INFO: Agent <my_agent> stayed within acceptable think time.
2022-03-06 11:43:25,143 [BombeRLeWorld] INFO: Agent <rule_based_agent_0> chose action DOWN in 0.00s.
2022-03-06 11:43:25,143 [BombeRLeWorld] INFO: Agent <rule_based_agent_0> stayed within acceptable think time.
2022-03-06 11:43:25,143 [BombeRLeWorld] INFO: Agent <rule_based_agent_2> chose action LEFT in 0.00s.
2022-03-06 11:43:25,143 [BombeRLeWorld] INFO: Agent <rule_based_agent_2> stayed within acceptable think time.
2022-03-06 11:43:25,144 [BombeRLeWorld] INFO: Agent <rule_based_agent_1> chose action UP in 0.00s.
2022-03-06 11:43:25,144 [BombeRLeWorld] INFO: Agent <rule_based_agent_1> stayed within acceptable think time.
2022-03-06 11:43:25,144 [BombeRLeWorld] INFO: Agent <rule_based_agent_0>'s bomb at (2, 1) explodes
2022-03-06 11:43:25,144 [BombeRLeWorld] INFO: Coin found at (5, 1)
2022-03-06 11:43:25,144 [BombeRLeWorld] INFO: Agent <rule_based_agent_1>'s bomb at (2, 15) explodes
2022-03-06 11:43:25,144 [BombeRLeWorld] INFO: Agent <rule_based_agent_2>'s bomb at (15, 2) explodes
2022-03-06 11:43:25,228 [BombeRLeWorld] INFO: STARTING STEP 7
2022-03-06 11:43:25,237 [BombeRLeWorld] INFO: Agent <rule_based_agent_0> chose action None in 0.00s.
2022-03-06 11:43:25,238 [BombeRLeWorld] INFO: Agent <rule_based_agent_0> stayed within acceptable think time.
2022-03-06 11:43:25,238 [BombeRLeWorld] INFO: Agent <my_agent> chose action UP in 0.00s.
2022-03-06 11:43:25,238 [BombeRLeWorld] INFO: Agent <my_agent> stayed within acceptable think time.
2022-03-06 11:43:25,238 [BombeRLeWorld] INFO: Agent <rule_based_agent_1> chose action None in 0.00s.
2022-03-06 11:43:25,238 [BombeRLeWorld] INFO: Agent <rule_based_agent_1> stayed within acceptable think time.
2022-03-06 11:43:25,238 [BombeRLeWorld] INFO: Agent <rule_based_agent_2> chose action None in 0.00s.
2022-03-06 11:43:25,239 [BombeRLeWorld] INFO: Agent <rule_based_agent_2> stayed within acceptable think time.
2022-03-06 11:43:25,328 [BombeRLeWorld] INFO: STARTING STEP 8
2022-03-06 11:43:25,337 [BombeRLeWorld] INFO: Agent <rule_based_agent_1> chose action DOWN in 0.00s.
2022-03-06 11:43:25,337 [BombeRLeWorld] INFO: Agent <rule_based_agent_1> stayed within acceptable think time.
2022-03-06 11:43:25,338 [BombeRLeWorld] INFO: Agent <rule_based_agent_2> chose action RIGHT in 0.00s.
2022-03-06 11:43:25,338 [BombeRLeWorld] INFO: Agent <rule_based_agent_2> stayed within acceptable think time.
2022-03-06 11:43:25,338 [BombeRLeWorld] INFO: Agent <my_agent> chose action LEFT in 0.00s.
2022-03-06 11:43:25,338 [BombeRLeWorld] INFO: Agent <my_agent> stayed within acceptable think time.
2022-03-06 11:43:25,338 [BombeRLeWorld] INFO: Agent <rule_based_agent_0> chose action UP in 0.00s.
2022-03-06 11:43:25,338 [BombeRLeWorld] INFO: Agent <rule_based_agent_0> stayed within acceptable think time.
2022-03-06 11:43:25,338 [BombeRLeWorld] INFO: Agent <my_agent>'s bomb at (14, 15) explodes
2022-03-06 11:43:25,429 [BombeRLeWorld] INFO: STARTING STEP 9
2022-03-06 11:43:25,439 [BombeRLeWorld] INFO: Agent <my_agent> chose action LEFT in 0.00s.
2022-03-06 11:43:25,439 [BombeRLeWorld] INFO: Agent <my_agent> stayed within acceptable think time.
2022-03-06 11:43:25,439 [BombeRLeWorld] INFO: Agent <rule_based_agent_2> chose action LEFT in 0.00s.
2022-03-06 11:43:25,439 [BombeRLeWorld] INFO: Agent <rule_based_agent_2> stayed within acceptable think time.
2022-03-06 11:43:25,439 [BombeRLeWorld] INFO: Agent <rule_based_agent_1> chose action UP in 0.00s.
2022-03-06 11:43:25,440 [BombeRLeWorld] INFO: Agent <rule_based_agent_1> stayed within acceptable think time.
2022-03-06 11:43:25,440 [BombeRLeWorld] INFO: Agent <rule_based_agent_0> chose action DOWN in 0.00s.
2022-03-06 11:43:25,440 [BombeRLeWorld] INFO: Agent <rule_based_agent_0> stayed within acceptable think time.
2022-03-06 11:43:25,529 [BombeRLeWorld] INFO: STARTING STEP 10
2022-03-06 11:43:25,537 [BombeRLeWorld] INFO: Agent <rule_based_agent_2> chose action BOMB in 0.00s.
2022-03-06 11:43:25,538 [BombeRLeWorld] INFO: Agent <rule_based_agent_2> stayed within acceptable think time.
2022-03-06 11:43:25,538 [BombeRLeWorld] INFO: Agent <rule_based_agent_2> drops bomb at (14, 1)
2022-03-06 11:43:25,538 [BombeRLeWorld] INFO: Agent <rule_based_agent_0> chose action BOMB in 0.00s.
2022-03-06 11:43:25,538 [BombeRLeWorld] INFO: Agent <rule_based_agent_0> stayed within acceptable think time.
2022-03-06 11:43:25,538 [BombeRLeWorld] INFO: Agent <rule_based_agent_0> drops bomb at (1, 2)
2022-03-06 11:43:25,538 [BombeRLeWorld] INFO: Agent <my_agent> chose action LEFT in 0.00s.
2022-03-06 11:43:25,539 [BombeRLeWorld] INFO: Agent <my_agent> stayed within acceptable think time.
2022-03-06 11:43:25,546 [BombeRLeWorld] INFO: Agent <rule_based_agent_1> chose action BOMB in 0.00s.
2022-03-06 11:43:25,546 [BombeRLeWorld] INFO: Agent <rule_based_agent_1> stayed within acceptable think time.
2022-03-06 11:43:25,546 [BombeRLeWorld] INFO: Agent <rule_based_agent_1> drops bomb at (1, 14)
2022-03-06 11:43:25,627 [BombeRLeWorld] INFO: STARTING STEP 11
2022-03-06 11:43:25,641 [BombeRLeWorld] INFO: Agent <rule_based_agent_2> chose action RIGHT in 0.00s.
2022-03-06 11:43:25,641 [BombeRLeWorld] INFO: Agent <rule_based_agent_2> stayed within acceptable think time.
2022-03-06 11:43:25,642 [BombeRLeWorld] INFO: Agent <rule_based_agent_1> chose action DOWN in 0.00s.
2022-03-06 11:43:25,642 [BombeRLeWorld] INFO: Agent <rule_based_agent_1> stayed within acceptable think time.
2022-03-06 11:43:25,642 [BombeRLeWorld] INFO: Agent <my_agent> chose action LEFT in 0.00s.
2022-03-06 11:43:25,642 [BombeRLeWorld] INFO: Agent <my_agent> stayed within acceptable think time.
2022-03-06 11:43:25,642 [BombeRLeWorld] INFO: Agent <rule_based_agent_0> chose action UP in 0.00s.
2022-03-06 11:43:25,642 [BombeRLeWorld] INFO: Agent <rule_based_agent_0> stayed within acceptable think time.
2022-03-06 11:43:25,726 [BombeRLeWorld] INFO: STARTING STEP 12
2022-03-06 11:43:25,740 [BombeRLeWorld] INFO: Agent <rule_based_agent_1> chose action RIGHT in 0.00s.
2022-03-06 11:43:25,741 [BombeRLeWorld] INFO: Agent <rule_based_agent_1> stayed within acceptable think time.
2022-03-06 11:43:25,741 [BombeRLeWorld] INFO: Agent <rule_based_agent_2> chose action DOWN in 0.00s.
2022-03-06 11:43:25,741 [BombeRLeWorld] INFO: Agent <rule_based_agent_2> stayed within acceptable think time.
2022-03-06 11:43:25,741 [BombeRLeWorld] INFO: Agent <my_agent> chose action LEFT in 0.00s.
2022-03-06 11:43:25,741 [BombeRLeWorld] INFO: Agent <my_agent> stayed within acceptable think time.
2022-03-06 11:43:25,741 [BombeRLeWorld] INFO: Agent <rule_based_agent_0> chose action RIGHT in 0.00s.
2022-03-06 11:43:25,741 [BombeRLeWorld] INFO: Agent <rule_based_agent_0> stayed within acceptable think time.
2022-03-06 11:43:25,826 [BombeRLeWorld] INFO: STARTING STEP 13
2022-03-06 11:43:25,842 [BombeRLeWorld] INFO: Agent <rule_based_agent_1> chose action RIGHT in 0.00s.
2022-03-06 11:43:25,842 [BombeRLeWorld] INFO: Agent <rule_based_agent_1> stayed within acceptable think time.
2022-03-06 11:43:25,842 [BombeRLeWorld] INFO: Agent <my_agent> chose action LEFT in 0.00s.
2022-03-06 11:43:25,842 [BombeRLeWorld] INFO: Agent <my_agent> stayed within acceptable think time.
2022-03-06 11:43:25,842 [BombeRLeWorld] INFO: Agent <rule_based_agent_2> chose action DOWN in 0.00s.
2022-03-06 11:43:25,842 [BombeRLeWorld] INFO: Agent <rule_based_agent_2> stayed within acceptable think time.
2022-03-06 11:43:25,842 [BombeRLeWorld] INFO: Agent <rule_based_agent_0> chose action RIGHT in 0.00s.
2022-03-06 11:43:25,842 [BombeRLeWorld] INFO: Agent <rule_based_agent_0> stayed within acceptable think time.
2022-03-06 11:43:25,926 [BombeRLeWorld] INFO: STARTING STEP 14
2022-03-06 11:43:25,940 [BombeRLeWorld] INFO: Agent <my_agent> chose action LEFT in 0.00s.
2022-03-06 11:43:25,941 [BombeRLeWorld] INFO: Agent <my_agent> stayed within acceptable think time.
2022-03-06 11:43:25,941 [BombeRLeWorld] INFO: Agent <rule_based_agent_2> chose action DOWN in 0.00s.
2022-03-06 11:43:25,941 [BombeRLeWorld] INFO: Agent <rule_based_agent_2> stayed within acceptable think time.
2022-03-06 11:43:25,941 [BombeRLeWorld] INFO: Agent <rule_based_agent_0> chose action RIGHT in 0.00s.
2022-03-06 11:43:25,941 [BombeRLeWorld] INFO: Agent <rule_based_agent_0> stayed within acceptable think time.
2022-03-06 11:43:25,941 [BombeRLeWorld] INFO: Agent <rule_based_agent_1> chose action RIGHT in 0.00s.
2022-03-06 11:43:25,941 [BombeRLeWorld] INFO: Agent <rule_based_agent_1> stayed within acceptable think time.
2022-03-06 11:43:25,941 [BombeRLeWorld] INFO: Agent <rule_based_agent_2>'s bomb at (14, 1) explodes
2022-03-06 11:43:25,941 [BombeRLeWorld] INFO: Agent <rule_based_agent_0>'s bomb at (1, 2) explodes
2022-03-06 11:43:25,942 [BombeRLeWorld] INFO: Coin found at (1, 3)
2022-03-06 11:43:25,942 [BombeRLeWorld] INFO: Agent <rule_based_agent_1>'s bomb at (1, 14) explodes
2022-03-06 11:43:26,028 [BombeRLeWorld] INFO: STARTING STEP 15
2022-03-06 11:43:26,039 [BombeRLeWorld] INFO: Agent <rule_based_agent_2> chose action DOWN in 0.00s.
2022-03-06 11:43:26,039 [BombeRLeWorld] INFO: Agent <rule_based_agent_2> stayed within acceptable think time.
2022-03-06 11:43:26,039 [BombeRLeWorld] INFO: Agent <rule_based_agent_1> chose action RIGHT in 0.00s.
2022-03-06 11:43:26,039 [BombeRLeWorld] INFO: Agent <rule_based_agent_1> stayed within acceptable think time.
2022-03-06 11:43:26,039 [BombeRLeWorld] INFO: Agent <rule_based_agent_0> chose action RIGHT in 0.00s.
2022-03-06 11:43:26,039 [BombeRLeWorld] INFO: Agent <rule_based_agent_0> stayed within acceptable think time.
2022-03-06 11:43:26,039 [BombeRLeWorld] INFO: Agent <my_agent> chose action LEFT in 0.00s.
2022-03-06 11:43:26,040 [BombeRLeWorld] INFO: Agent <my_agent> stayed within acceptable think time.
2022-03-06 11:43:26,040 [BombeRLeWorld] INFO: Agent <rule_based_agent_0> picked up coin at (5, 1) and receives 1 point
2022-03-06 11:43:26,132 [BombeRLeWorld] INFO: STARTING STEP 16
2022-03-06 11:43:26,142 [BombeRLeWorld] INFO: Agent <rule_based_agent_1> chose action RIGHT in 0.00s.
2022-03-06 11:43:26,142 [BombeRLeWorld] INFO: Agent <rule_based_agent_1> stayed within acceptable think time.
2022-03-06 11:43:26,142 [BombeRLeWorld] INFO: Agent <rule_based_agent_2> chose action UP in 0.00s.
2022-03-06 11:43:26,142 [BombeRLeWorld] INFO: Agent <rule_based_agent_2> stayed within acceptable think time.
2022-03-06 11:43:26,142 [BombeRLeWorld] INFO: Agent <rule_based_agent_0> chose action LEFT in 0.00s.
2022-03-06 11:43:26,142 [BombeRLeWorld] INFO: Agent <rule_based_agent_0> stayed within acceptable think time.
2022-03-06 11:43:26,142 [BombeRLeWorld] INFO: Agent <my_agent> chose action LEFT in 0.00s.
2022-03-06 11:43:26,142 [BombeRLeWorld] INFO: Agent <my_agent> stayed within acceptable think time.
2022-03-06 11:43:26,228 [BombeRLeWorld] INFO: STARTING STEP 17
2022-03-06 11:43:26,238 [BombeRLeWorld] INFO: Agent <rule_based_agent_1> chose action BOMB in 0.00s.
2022-03-06 11:43:26,238 [BombeRLeWorld] INFO: Agent <rule_based_agent_1> stayed within acceptable think time.
2022-03-06 11:43:26,238 [BombeRLeWorld] INFO: Agent <rule_based_agent_1> drops bomb at (6, 15)
2022-03-06 11:43:26,238 [BombeRLeWorld] INFO: Agent <rule_based_agent_2> chose action DOWN in 0.00s.
2022-03-06 11:43:26,239 [BombeRLeWorld] INFO: Agent <rule_based_agent_2> stayed within acceptable think time.
2022-03-06 11:43:26,239 [BombeRLeWorld] INFO: Agent <rule_based_agent_0> chose action RIGHT in 0.00s.
2022-03-06 11:43:26,239 [BombeRLeWorld] INFO: Agent <rule_based_agent_0> stayed within acceptable think time.
2022-03-06 11:43:26,239 [BombeRLeWorld] INFO: Agent <my_agent> chose action WAIT in 0.00s.
2022-03-06 11:43:26,239 [BombeRLeWorld] INFO: Agent <my_agent> stayed within acceptable think time.
2022-03-06 11:43:26,328 [BombeRLeWorld] INFO: STARTING STEP 18
2022-03-06 11:43:26,341 [BombeRLeWorld] INFO: Agent <rule_based_agent_1> chose action LEFT in 0.01s.
2022-03-06 11:43:26,341 [BombeRLeWorld] INFO: Agent <rule_based_agent_1> stayed within acceptable think time.
2022-03-06 11:43:26,341 [BombeRLeWorld] INFO: Agent <my_agent> chose action BOMB in 0.00s.
2022-03-06 11:43:26,341 [BombeRLeWorld] INFO: Agent <my_agent> stayed within acceptable think time.
2022-03-06 11:43:26,341 [BombeRLeWorld] INFO: Agent <my_agent> drops bomb at (15, 13)
2022-03-06 11:43:26,341 [BombeRLeWorld] INFO: Agent <rule_based_agent_2> chose action BOMB in 0.00s.
2022-03-06 11:43:26,341 [BombeRLeWorld] INFO: Agent <rule_based_agent_2> stayed within acceptable think time.
2022-03-06 11:43:26,341 [BombeRLeWorld] INFO: Agent <rule_based_agent_2> drops bomb at (15, 5)
2022-03-06 11:43:26,342 [BombeRLeWorld] INFO: Agent <rule_based_agent_0> chose action BOMB in 0.00s.
2022-03-06 11:43:26,342 [BombeRLeWorld] INFO: Agent <rule_based_agent_0> stayed within acceptable think time.
2022-03-06 11:43:26,342 [BombeRLeWorld] INFO: Agent <rule_based_agent_0> drops bomb at (5, 1)
2022-03-06 11:43:26,427 [BombeRLeWorld] INFO: STARTING STEP 19
2022-03-06 11:43:26,443 [BombeRLeWorld] INFO: Agent <rule_based_agent_1> chose action LEFT in 0.01s.
2022-03-06 11:43:26,444 [BombeRLeWorld] INFO: Agent <rule_based_agent_1> stayed within acceptable think time.
2022-03-06 11:43:26,444 [BombeRLeWorld] INFO: Agent <my_agent> chose action UP in 0.00s.
2022-03-06 11:43:26,444 [BombeRLeWorld] INFO: Agent <my_agent> stayed within acceptable think time.
2022-03-06 11:43:26,444 [BombeRLeWorld] INFO: Agent <rule_based_agent_0> chose action LEFT in 0.01s.
2022-03-06 11:43:26,444 [BombeRLeWorld] INFO: Agent <rule_based_agent_0> stayed within acceptable think time.
2022-03-06 11:43:26,444 [BombeRLeWorld] INFO: Agent <rule_based_agent_2> chose action UP in 0.00s.
2022-03-06 11:43:26,444 [BombeRLeWorld] INFO: Agent <rule_based_agent_2> stayed within acceptable think time.
2022-03-06 11:43:26,527 [BombeRLeWorld] INFO: STARTING STEP 20
2022-03-06 11:43:26,543 [BombeRLeWorld] INFO: Agent <rule_based_agent_2> chose action UP in 0.00s.
2022-03-06 11:43:26,543 [BombeRLeWorld] INFO: Agent <rule_based_agent_2> stayed within acceptable think time.
2022-03-06 11:43:26,543 [BombeRLeWorld] INFO: Agent <rule_based_agent_1> chose action LEFT in 0.01s.
2022-03-06 11:43:26,543 [BombeRLeWorld] INFO: Agent <rule_based_agent_1> stayed within acceptable think time.
2022-03-06 11:43:26,544 [BombeRLeWorld] INFO: Agent <my_agent> chose action DOWN in 0.00s.
2022-03-06 11:43:26,544 [BombeRLeWorld] INFO: Agent <my_agent> stayed within acceptable think time.
2022-03-06 11:43:26,544 [BombeRLeWorld] INFO: Agent <rule_based_agent_0> chose action LEFT in 0.01s.
2022-03-06 11:43:26,544 [BombeRLeWorld] INFO: Agent <rule_based_agent_0> stayed within acceptable think time.
2022-03-06 11:43:26,628 [BombeRLeWorld] INFO: STARTING STEP 21
2022-03-06 11:43:26,644 [BombeRLeWorld] INFO: Agent <rule_based_agent_0> chose action LEFT in 0.01s.
2022-03-06 11:43:26,644 [BombeRLeWorld] INFO: Agent <rule_based_agent_0> stayed within acceptable think time.
2022-03-06 11:43:26,644 [BombeRLeWorld] INFO: Agent <rule_based_agent_2> chose action UP in 0.00s.
2022-03-06 11:43:26,644 [BombeRLeWorld] INFO: Agent <rule_based_agent_2> stayed within acceptable think time.
2022-03-06 11:43:26,644 [BombeRLeWorld] INFO: Agent <rule_based_agent_1> chose action LEFT in 0.01s.
2022-03-06 11:43:26,644 [BombeRLeWorld] INFO: Agent <rule_based_agent_1> stayed within acceptable think time.
2022-03-06 11:43:26,644 [BombeRLeWorld] INFO: Agent <my_agent> chose action UP in 0.00s.
2022-03-06 11:43:26,645 [BombeRLeWorld] INFO: Agent <my_agent> stayed within acceptable think time.
2022-03-06 11:43:26,645 [BombeRLeWorld] INFO: Agent <rule_based_agent_1>'s bomb at (6, 15) explodes
2022-03-06 11:43:26,728 [BombeRLeWorld] INFO: STARTING STEP 22
2022-03-06 11:43:26,745 [BombeRLeWorld] INFO: Agent <rule_based_agent_1> chose action LEFT in 0.01s.
2022-03-06 11:43:26,745 [BombeRLeWorld] INFO: Agent <rule_based_agent_1> stayed within acceptable think time.
2022-03-06 11:43:26,745 [BombeRLeWorld] INFO: Agent <rule_based_agent_2> chose action UP in 0.00s.
2022-03-06 11:43:26,745 [BombeRLeWorld] INFO: Agent <rule_based_agent_2> stayed within acceptable think time.
2022-03-06 11:43:26,745 [BombeRLeWorld] INFO: Agent <my_agent> chose action UP in 0.00s.
2022-03-06 11:43:26,745 [BombeRLeWorld] INFO: Agent <my_agent> stayed within acceptable think time.
2022-03-06 11:43:26,745 [BombeRLeWorld] INFO: Agent <rule_based_agent_0> chose action LEFT in 0.00s.
2022-03-06 11:43:26,745 [BombeRLeWorld] INFO: Agent <rule_based_agent_0> stayed within acceptable think time.
2022-03-06 11:43:26,746 [BombeRLeWorld] INFO: Agent <my_agent>'s bomb at (15, 13) explodes
2022-03-06 11:43:26,746 [BombeRLeWorld] INFO: Agent <rule_based_agent_2>'s bomb at (15, 5) explodes
2022-03-06 11:43:26,746 [BombeRLeWorld] INFO: Agent <rule_based_agent_0>'s bomb at (5, 1) explodes
2022-03-06 11:43:26,746 [BombeRLeWorld] INFO: Coin found at (7, 1)
2022-03-06 11:43:26,746 [BombeRLeWorld] INFO: Agent <my_agent> blown up by own bomb
2022-03-06 11:43:26,746 [BombeRLeWorld] INFO: No training agent left alive, wrap up round
2022-03-06 11:43:26,747 [BombeRLeWorld] INFO: WRAPPING UP ROUND #1
